<?xml version="1.0" encoding="UTF-8"?>
<!-- Generated by org.testng.reporters.JUnitReportReporter -->
<testsuite hostname="DESKTOP-SIQEP9D" failures="0" tests="1" name="Scenarios_for_Certifications.simple_form_demo" time="2.835" errors="0" timestamp="2024-02-19T13:44:31 IST" skipped="0">
  <testcase classname="Scenarios_for_Certifications.simple_form_demo" name="simple_form_demo_Submit" time="2.835"/>
  <system-out/>
</testsuite> <!-- Scenarios_for_Certifications.simple_form_demo -->
