<?xml version="1.0" encoding="UTF-8"?>
<!-- Generated by org.testng.reporters.JUnitReportReporter -->
<testsuite hostname="DESKTOP-SIQEP9D" failures="0" tests="1" name="Scenarios_for_Certifications.Progress_Bars_and_Sliders" time="11.900" errors="0" timestamp="2024-02-19T13:47:50 IST" skipped="0">
  <testcase classname="Scenarios_for_Certifications.Progress_Bars_and_Sliders" name="Drag_Drop_Sliders" time="11.900"/>
  <system-out/>
</testsuite> <!-- Scenarios_for_Certifications.Progress_Bars_and_Sliders -->
