<?xml version="1.0" encoding="UTF-8"?>
<!-- Generated by org.testng.reporters.JUnitReportReporter -->
<testsuite hostname="DESKTOP-SIQEP9D" failures="0" tests="1" name="Scenarios_for_Certifications.Test_Scenarios" time="23.301" errors="0" timestamp="2024-02-02T17:13:46 IST" skipped="0">
  <testcase classname="Scenarios_for_Certifications.Test_Scenarios" name="simple_form_demo" time="23.301"/>
  <system-out/>
</testsuite> <!-- Scenarios_for_Certifications.Test_Scenarios -->
