<?xml version="1.0" encoding="UTF-8"?>
<!-- Generated by org.testng.reporters.JUnitReportReporter -->
<testsuite hostname="DESKTOP-SIQEP9D" failures="0" tests="1" name="Scenarios_for_Certifications.input_form_1" time="2.153" errors="0" timestamp="2024-02-19T12:57:25 IST" skipped="0">
  <testcase classname="Scenarios_for_Certifications.input_form_1" name="Input_Form_Submit" time="2.153"/>
  <system-out/>
</testsuite> <!-- Scenarios_for_Certifications.input_form_1 -->
