<?xml version="1.0" encoding="UTF-8"?>
<!-- Generated by org.testng.reporters.JUnitReportReporter -->
<testsuite hostname="DESKTOP-SIQEP9D" failures="0" tests="1" name="Scenarios_for_Certifications.input_form_2" time="8.654" errors="0" timestamp="2024-02-27T16:20:13 IST" skipped="0">
  <testcase classname="Scenarios_for_Certifications.input_form_2" name="Input_Form_Submit" time="8.654"/>
  <system-out/>
</testsuite> <!-- Scenarios_for_Certifications.input_form_2 -->
