<?xml version="1.0" encoding="UTF-8"?>
<!-- Generated by org.testng.reporters.JUnitReportReporter -->
<testsuite hostname="DESKTOP-SIQEP9D" failures="0" tests="1" name="Scenarios_for_Certifications.drag_drop_sliders" time="9.498" errors="0" timestamp="2024-02-19T15:50:57 IST" skipped="0">
  <testcase classname="Scenarios_for_Certifications.drag_drop_sliders" name="drag_drop_sliders_Submit" time="9.498"/>
  <system-out/>
</testsuite> <!-- Scenarios_for_Certifications.drag_drop_sliders -->
